\BOOKMARK [1][-]{section.1}{Program committee}{}
\BOOKMARK [1][-]{section.2}{List of abstracts}{}
\BOOKMARK [1][-]{section.3}{Official Opening}{}
\BOOKMARK [1][-]{section.4}{Scientific session 1: Head and Neck 1}{}
\BOOKMARK [2][-]{subsection.4.1}{Brain malformations in children with syndromic craniosynostosis}{section.4}
\BOOKMARK [2][-]{subsection.4.2}{Postnatal biometry of the corpus callosum in MRI: reference data}{section.4}
\BOOKMARK [2][-]{subsection.4.3}{MR imaging and neurodevelopmental spectrum in a series of children with Rhombencephalosynapsis}{section.4}
\BOOKMARK [2][-]{subsection.4.4}{The clinical and radiological presentation of preterm cerebellar haemorrhage}{section.4}
\BOOKMARK [2][-]{subsection.4.5}{Subpial hemorrhage in the neonate. About 12 cases.}{section.4}
\BOOKMARK [2][-]{subsection.4.6}{Creatine synthesis and transport defects: Clinical presentation, MRI and treatment in a series of 12 children}{section.4}
\BOOKMARK [2][-]{subsection.4.7}{Tumefactive Demyelination in Childhood - Diagnostic Uncertainty, Predictive Imaging Features and the Pursuit of Causation}{section.4}
\BOOKMARK [2][-]{subsection.4.8}{Neuroimaging in Cockayne syndrome}{section.4}
\BOOKMARK [2][-]{subsection.4.9}{Optimisation procedure for paediatric intraoperative MSCT axial protocol}{section.4}
\BOOKMARK [2][-]{subsection.4.10}{Intra-operative MRI for paediatric brain tumours - initial experience with a dedicated high-field \(3T\) system.}{section.4}
\BOOKMARK [2][-]{subsection.4.11}{Usefulness of surface-rendering views of cerebral MRI to the diagnosis of developmental cortical abnormalities in patients with medically intractable epilepsy.}{section.4}
\BOOKMARK [2][-]{subsection.4.12}{MRI Findings in children with Tuberculous meningitis: a comparison of HIV infected and non-infected patients}{section.4}
\BOOKMARK [2][-]{subsection.4.13}{A Retrospective Review of Pituitary MR Findings in Pediatric Patients on Growth Hormone \(GH\) Therapy}{section.4}
\BOOKMARK [1][-]{section.5}{Uroradiology Taskforce}{}
\BOOKMARK [1][-]{section.6}{Coffee break}{}
\BOOKMARK [1][-]{section.7}{Posters Head and Neck}{}
\BOOKMARK [2][-]{subsection.7.1}{Cranial nerve enhancement in children with TBM \(tuberculous meningitis\): Incidence, distribution, and clinical correlation}{section.7}
\BOOKMARK [2][-]{subsection.7.2}{MULTINODULAR THYROID GLAND \(MNTG\) IN CHILDREN: CORRELATION OF ULTRASOUND \(US\) AND CLINICAL FINDINGS}{section.7}
\BOOKMARK [2][-]{subsection.7.3}{The radiological diagnosis of intracranial lipomas: about 4 cases}{section.7}
\BOOKMARK [2][-]{subsection.7.4}{Optimisation of fast T2 mapping of the premature brain: a phantom study}{section.7}
\BOOKMARK [2][-]{subsection.7.5}{Contribution of fetal MRI to the diagnosis of X-linked hydrocephalus: report of four cases}{section.7}
\BOOKMARK [2][-]{subsection.7.6}{Lesions of the cranial vault in children: CT and MRI findings}{section.7}
\BOOKMARK [2][-]{subsection.7.7}{Pre- and postnatal brain MR imaging findings of an unusual case of molar tooth malformation with supratentorial heterotopia and hamartoma of the tuber cinereum}{section.7}
\BOOKMARK [2][-]{subsection.7.8}{Bilateral optic nerve aplasia in twins}{section.7}
\BOOKMARK [2][-]{subsection.7.9}{Multimodality imaging appearances of neonatal meningitis}{section.7}
\BOOKMARK [2][-]{subsection.7.10}{Advancements in fetal MRI and postnatal surgical planning for central nervous system disorders}{section.7}
\BOOKMARK [2][-]{subsection.7.11}{Ultrasound Versus Computed Tomography in Detecting of Nasal Fractures : Comparision between children and adult patients.}{section.7}
\BOOKMARK [2][-]{subsection.7.12}{Dirt Bike Injuries in Children}{section.7}
\BOOKMARK [2][-]{subsection.7.13}{Congenital intracranial lipomas: pre and post-natal imaging features and pitfalls.}{section.7}
\BOOKMARK [2][-]{subsection.7.14}{The corpus callosum: normal imaging appearance, variants, and pathologic conditions}{section.7}
\BOOKMARK [2][-]{subsection.7.15}{Effect of maturation on MRI diffusion measures on corticospinal tract \(CST\) in preterm newborn near term.}{section.7}
\BOOKMARK [2][-]{subsection.7.16}{Pediatric otospongiosis}{section.7}
\BOOKMARK [2][-]{subsection.7.17}{Review of a cohort of Rennes\220 hospital patients with neuronal migration defects.}{section.7}
\BOOKMARK [2][-]{subsection.7.18}{Stroke in the Neonate}{section.7}
\BOOKMARK [2][-]{subsection.7.19}{Head and neck infections in infants and children - a pictorial essay}{section.7}
\BOOKMARK [2][-]{subsection.7.20}{A pictorial review of Neurofibromatosis type 1.}{section.7}
\BOOKMARK [2][-]{subsection.7.21}{First and second branchial arch syndromes: multimodality approach}{section.7}
\BOOKMARK [2][-]{subsection.7.22}{Imaging of middle ear cholesteatoma in children}{section.7}
\BOOKMARK [2][-]{subsection.7.23}{The New Image of the Neurodisability.}{section.7}
\BOOKMARK [2][-]{subsection.7.24}{PHACE Syndrome : the spectrum of findings at imaging.}{section.7}
\BOOKMARK [2][-]{subsection.7.25}{Posterior reversible encephalopathy syndrome: Two cases in children}{section.7}
\BOOKMARK [2][-]{subsection.7.26}{Diffuse periventricular leukomalacia in preterm children: Assessment of grey matter changes by MRI.}{section.7}
\BOOKMARK [2][-]{subsection.7.27}{Mandibular Lesions in Children; Imaging Findings on Multi-detector CT \(MDCT\) versus Plain Radiographs}{section.7}
\BOOKMARK [2][-]{subsection.7.28}{Radiological aspects of microtia in 28 patients}{section.7}
\BOOKMARK [2][-]{subsection.7.29}{Congenital sensorineural hearing impairment}{section.7}
\BOOKMARK [2][-]{subsection.7.30}{Imaging of maxillary tumors in children}{section.7}
\BOOKMARK [2][-]{subsection.7.31}{MRI findings in the intracranial complications of acute sinusitis: the added value of Diffusion Weighted Imaging.}{section.7}
\BOOKMARK [2][-]{subsection.7.32}{Pictorial and literature review of septo-optic dysplasia \(de Morsier's Syndrome\).}{section.7}
\BOOKMARK [2][-]{subsection.7.33}{Moya moya disease.Rare and severe case}{section.7}
\BOOKMARK [2][-]{subsection.7.34}{Correlation of linear and volumetric measurements with clinic-radiological diagnosis of hydrocephalus in children with TBM \(Tuberculous meningitis\)}{section.7}
\BOOKMARK [2][-]{subsection.7.35}{Division of the Corpus Callosum into Multiple Points for Measuring Thickness and Generating Fiber Tracts - A Semi-Automated Method for Determining Normal Values and for use as a Surrogate Marker of Hemispheric Disease}{section.7}
\BOOKMARK [2][-]{subsection.7.36}{Ultrasound findings of congenital cervical cystic lesions, in the pediatric age}{section.7}
\BOOKMARK [2][-]{subsection.7.37}{\215Eye \(I\) spy with my little eye\216 - ultrasound of the paediatric eye}{section.7}
\BOOKMARK [2][-]{subsection.7.38}{Spinal ultrasound in infants suspected spinal dysraphism}{section.7}
\BOOKMARK [2][-]{subsection.7.39}{MRI appearances of primary intracranial arachnoid cysts in infants and children}{section.7}
\BOOKMARK [2][-]{subsection.7.40}{Nontumoral bilateral occlusion of the Monro foramina : a pediatric case report}{section.7}
\BOOKMARK [2][-]{subsection.7.41}{Grey Matter Gliomatosis Cerebri :a new pediatric entity and MRI pattern}{section.7}
\BOOKMARK [2][-]{subsection.7.42}{Volitional dyskinesia caused by a post-traumatic infarction of the globus pallidus in a child}{section.7}
\BOOKMARK [2][-]{subsection.7.43}{White matter signal abnormalities on MRI in children with HIV encephalopathy}{section.7}
\BOOKMARK [2][-]{subsection.7.44}{Cerebellum volume in children with syndromic craniosynostosis}{section.7}
\BOOKMARK [1][-]{section.8}{Research conference: High field MRI}{}
\BOOKMARK [1][-]{section.9}{Scientific session 2: Head and Neck 2}{}
\BOOKMARK [2][-]{subsection.9.1}{Correlations between late radiological findings and long-term neurodevelopmental outcome in inflicted traumatic brain injury}{section.9}
\BOOKMARK [2][-]{subsection.9.2}{Shaken Baby Syndrome: Judicial admissions highlight chronic violence}{section.9}
\BOOKMARK [2][-]{subsection.9.3}{Delayed puberty or hypogonadism caused by pituitary transfusional hemochromatosis}{section.9}
\BOOKMARK [2][-]{subsection.9.4}{Retinoblastoma: role of high resolution MR imaging to evaluate efficacy of chemioherapy .}{section.9}
\BOOKMARK [2][-]{subsection.9.5}{Retinoblastoma: correlation between high resolution MRI and histology for optic nerve assessment prior to enucleation}{section.9}
\BOOKMARK [2][-]{subsection.9.6}{Unilateral sensorineural hearing loss in children : MRI or CT first ?}{section.9}
\BOOKMARK [2][-]{subsection.9.7}{MRI in recurrent ear cholesteatomas in children}{section.9}
\BOOKMARK [2][-]{subsection.9.8}{Thyroid cancer in children - variable sonographic presentation and difficulties in diagnosis}{section.9}
\BOOKMARK [2][-]{subsection.9.9}{Application of an automatic computerized algorithm for the analysis of upper airways reduction in patients with Pierre Robin sequence studied by MDCT.}{section.9}
\BOOKMARK [2][-]{subsection.9.10}{Can malignant transformation of pediatric solid gliomas be predicted with MRSI? A comparison grading between children and adults}{section.9}
\BOOKMARK [1][-]{section.10}{Quiz Skeletal dysplasia}{}
\BOOKMARK [1][-]{section.11}{Scientific session 3: Genitourinary}{}
\BOOKMARK [2][-]{subsection.11.1}{Re-appraisal of the sonographic characteristics of the neonatal kidney}{section.11}
\BOOKMARK [2][-]{subsection.11.2}{Renal cysts in tuberous sclerosis complex \(TSC\): patterns and significance}{section.11}
\BOOKMARK [2][-]{subsection.11.3}{Contrast-enhanced, real-time volumetric ultrasound imaging of tissue perfusion: preliminary results}{section.11}
\BOOKMARK [2][-]{subsection.11.4}{Ultrasound \(US\) evaluation of peritoneal thickness in children and young patients in peritoneal dialysis \(PD\): a single centre experience.}{section.11}
\BOOKMARK [2][-]{subsection.11.5}{MCUG: Are we in line with current recommendations?}{section.11}
\BOOKMARK [2][-]{subsection.11.6}{MR Voiding cystourethrography \(MRVC\) for vesico-ureteric reflux in unsedated infants}{section.11}
\BOOKMARK [2][-]{subsection.11.7}{Non-contrast enhanced MR angiography of renal arteries in pediatric patients: a feasibility study.}{section.11}
\BOOKMARK [2][-]{subsection.11.8}{Comparison of non-contrast and contrast-enhanced MR angiography of the renal arteries in pediatric patients - initial experience.}{section.11}
\BOOKMARK [2][-]{subsection.11.9}{Demonstration of Automated Characterization of Renal Function and Tissue Enhancement in Dynamic Magnetic Resonance Imaging \(MRI\) Using Factor Analysis of Dynamic Sequence \(FADS\).}{section.11}
\BOOKMARK [2][-]{subsection.11.10}{Functional-morphological MR urography \(MRU\) - 12 years of experience from technical development to clinical practice}{section.11}
\BOOKMARK [2][-]{subsection.11.11}{The Imaging Features of Infantile Urolithiasis Resulted From Melamine}{section.11}
\BOOKMARK [1][-]{section.12}{Oncology Task Force}{}
\BOOKMARK [1][-]{section.13}{URO MR special session}{}
\BOOKMARK [1][-]{section.14}{Oncology Task Force}{}
\BOOKMARK [1][-]{section.15}{Coffee break}{}
\BOOKMARK [1][-]{section.16}{Posters urogenital}{}
\BOOKMARK [2][-]{subsection.16.1}{Posterior urethral valves: cystography and cystoscopy results correlation}{section.16}
\BOOKMARK [2][-]{subsection.16.2}{Role of ultrasound in management of scrotal swelling in children}{section.16}
\BOOKMARK [2][-]{subsection.16.3}{Intrapelvic Wilms\220 Tumour: A Rare Entity for the Most Commonly Encountered Malignant Renal Tumour in Children}{section.16}
\BOOKMARK [2][-]{subsection.16.4}{Herlyn-Werner-Wunderlich syndrome: Imaging findings in 13 cases}{section.16}
\BOOKMARK [2][-]{subsection.16.5}{Inter-observer reproducibility of non contrast-enhanced MR angiography of renal arteries in pediatric patients.}{section.16}
\BOOKMARK [2][-]{subsection.16.6}{Rare cases of scrotal blood effusion in newborn mimickers of neonatal testicular torsion}{section.16}
\BOOKMARK [2][-]{subsection.16.7}{Antenatal ultrasonographic diagnosis of mild to moderate fetal pyelectasis is not always a significant finding for urinary tract pathology.}{section.16}
\BOOKMARK [2][-]{subsection.16.8}{The role of catheter-free methods for vesicoureteric reflux detection in children}{section.16}
\BOOKMARK [2][-]{subsection.16.9}{Ultrasound characterisation of the paediatric breast - a pictorial review}{section.16}
\BOOKMARK [2][-]{subsection.16.10}{Multiple Giant Bladder Diverticula in Menkes Kinky Hair Disease.}{section.16}
\BOOKMARK [1][-]{section.17}{Scientific session 4: Interventionnal}{}
\BOOKMARK [2][-]{subsection.17.1}{Achieving hemostasis after transhepatic portal vein access in children}{section.17}
\BOOKMARK [2][-]{subsection.17.2}{CT-guided radiofrequency ablation of osteoid osteoma in a pediatric population : our experience in 9 children.}{section.17}
\BOOKMARK [2][-]{subsection.17.3}{Primary aneurysmal bone cysts in children: percutaneous Ethanol injection and proposal of a vascular classification}{section.17}
\BOOKMARK [2][-]{subsection.17.4}{Computed tomography guided RFA as a treatment method in pediatrics}{section.17}
\BOOKMARK [2][-]{subsection.17.5}{Arterial embolisation of pulmonary sequestration in children.}{section.17}
\BOOKMARK [1][-]{section.18}{Symposium Sickle cell Anemia}{}
\BOOKMARK [1][-]{section.19}{Research : Molecular imaging, cooperative work}{}
\BOOKMARK [1][-]{section.20}{ESPR gold medalist, Honorary Members, IPR announcement}{}
\BOOKMARK [1][-]{section.21}{Posters Interventionnal}{}
\BOOKMARK [2][-]{subsection.21.1}{Sclerotherapy with tetracycline hydrochloride \(HCL\) solution in treatment of solitary hepatic cyst in childhood}{section.21}
\BOOKMARK [2][-]{subsection.21.2}{Percutaneous treatment of primary aneurysmal bone cyst by alcoholic solution of zein in 25 patients}{section.21}
\BOOKMARK [2][-]{subsection.21.3}{How to manage treatment-resistant post-operative pelvic lymphocele in an infant - our local experience: combined percutaneous catheter drainage and transcatheter sclerotherapy}{section.21}
\BOOKMARK [2][-]{subsection.21.4}{CT-guided percutaneous biopsy of spinal lesions in children}{section.21}
\BOOKMARK [1][-]{section.22}{Posters antenatal}{}
\BOOKMARK [2][-]{subsection.22.1}{Can fetal MRI give prognostic criteria in gastroschisis?}{section.22}
\BOOKMARK [2][-]{subsection.22.2}{Fetal MRI: luxury or necessity? Our experience using 0.6T open machine.}{section.22}
\BOOKMARK [2][-]{subsection.22.3}{Fetal gastrointestinal MRI: all that glitters in T1 is not necessarily colon\203}{section.22}
\BOOKMARK [2][-]{subsection.22.4}{Fetal abdominal masses as enhanced by ultrafast magnetic resonance imaging: comparison with postnatal imaging features and histologic results}{section.22}
\BOOKMARK [2][-]{subsection.22.5}{Fetal MRI in the diagnosis of congenital lung lesions associated with diaphragmatic hernia}{section.22}
\BOOKMARK [2][-]{subsection.22.6}{Congenital tumors: Imaging when life just begins}{section.22}
\BOOKMARK [2][-]{subsection.22.7}{Fetal CT : When ? How ? what for ?}{section.22}
\BOOKMARK [2][-]{subsection.22.8}{Prenatal diagnosis of intestinal malrotation with fetal MRI}{section.22}
\BOOKMARK [2][-]{subsection.22.9}{Normal relative values of cerebral biometry in fetal magnetic resonance imaging.}{section.22}
\BOOKMARK [2][-]{subsection.22.10}{Antenatal MRI in the diagnosis of upper abdominal foetal masses.}{section.22}
\BOOKMARK [2][-]{subsection.22.11}{Walker Warburg syndrome: how prenatal US ocular anomalies can help to reach the diagnosis?}{section.22}
\BOOKMARK [2][-]{subsection.22.12}{Role of MRI in diagnosis of non-CNS fetal abnormalities}{section.22}
\BOOKMARK [2][-]{subsection.22.13}{\215Isolated\216 Dandy-Walker malformation \(DWM\) on prenatal imaging}{section.22}
\BOOKMARK [2][-]{subsection.22.14}{Imaging findings and utility of fetal central nervous system MRI}{section.22}
\BOOKMARK [2][-]{subsection.22.15}{Rhombencephalosynapsis \(RES\) prenatal imaging : retrospective multicenter study of 17 cases detected by ultrasound +/- subsequent MRI.}{section.22}
\BOOKMARK [1][-]{section.23}{Scientific session 5: Antenatal}{}
\BOOKMARK [2][-]{subsection.23.1}{Fetal body MRI - comparison to prenatal ultrasound and postnatal findings}{section.23}
\BOOKMARK [2][-]{subsection.23.2}{Impact of maternal sedation on quality of fetal cerebral MRI}{section.23}
\BOOKMARK [2][-]{subsection.23.3}{Distortion of the anterior part of the interhemispheric fissure. Significance and impact on prenatal diagnosis.}{section.23}
\BOOKMARK [2][-]{subsection.23.4}{Prenatally Diagnosed Congenital Lobar Hyperinflation \(CLO\)- Not Uncommon and Non Surgical Management is Feasible}{section.23}
\BOOKMARK [2][-]{subsection.23.5}{Sonographic evaluation of the fetal pancreas}{section.23}
\BOOKMARK [2][-]{subsection.23.6}{Abnormal fetal hepatic signal on MRI}{section.23}
\BOOKMARK [2][-]{subsection.23.7}{When will multidetectorCT \(MDCT\) of the fetus improve prenatal management: a retrospective survey; 7 years experience, 150 cases.}{section.23}
\BOOKMARK [2][-]{subsection.23.8}{Prenatal imaging characterization of congenital bronchopulmonary malformations \(BPM\)}{section.23}
\BOOKMARK [1][-]{section.24}{ESPR and J Lefebvre Lecture}{}
\BOOKMARK [1][-]{section.25}{Coffee break}{}
\BOOKMARK [1][-]{section.26}{Posters cardiovascular}{}
\BOOKMARK [2][-]{subsection.26.1}{Is Diastolic Dysfunction in treated Tetralogy of Fallot \(TOF\) patients related to pure volume overload or is it secondary to other associated abnormalities?}{section.26}
\BOOKMARK [2][-]{subsection.26.2}{MR IMAGING APPEARANCES OF ANOMALOUS PULMONARY VENOUS DRAINAGE - A PICTORIAL REVIEW}{section.26}
\BOOKMARK [2][-]{subsection.26.3}{Hemangiomas revisited: the useful, the unusual and the new.}{section.26}
\BOOKMARK [2][-]{subsection.26.4}{Tietze syndrome in infants and young children: Clinical and imaging findings}{section.26}
\BOOKMARK [2][-]{subsection.26.5}{Anomalous Left Coronary Artery from the Pulmonary Artery \(ALCAPA\):A rare cause of heart failure in children}{section.26}
\BOOKMARK [2][-]{subsection.26.6}{Comparison of Ergospirometry \(ESM\) with cardiac Magnetic Resonance imaging \(cMRI\) in patients with surgically repaired tetralogy of fallot \(TOF\)}{section.26}
\BOOKMARK [2][-]{subsection.26.7}{CMR and Echo assessment of right ventricle function and venous pathway obstruction after atrial switch operation \(Senning procedure\)}{section.26}
\BOOKMARK [2][-]{subsection.26.8}{Cardiac MRI of transposition of the great vessels: a review of MRI appearance of normal and abnormal, pre and post operative findings and of long term complications.}{section.26}
\BOOKMARK [2][-]{subsection.26.9}{Long-term follow-up of large atrial septal occluder \(Amplatzer device\) with cardiac MR imaging in a pediatric population}{section.26}
\BOOKMARK [2][-]{subsection.26.10}{The difficulties of ultrasound diagnostics of non-compact myocardium in children with underlying carditis}{section.26}
\BOOKMARK [1][-]{section.27}{Posters Chest}{}
\BOOKMARK [2][-]{subsection.27.1}{Tracheobronchial stenoses by vascular anomalies: role of multislice CT}{section.27}
\BOOKMARK [2][-]{subsection.27.2}{Congenital Lung Lesions and their mimickers}{section.27}
\BOOKMARK [2][-]{subsection.27.3}{Severe respiratory and neurological presentation of H1N1 in pediatric patients}{section.27}
\BOOKMARK [2][-]{subsection.27.4}{A new CT scorig system to detecting clinically relevant changes in pediatric patients with cystic fibrosis}{section.27}
\BOOKMARK [2][-]{subsection.27.5}{Chest CT imaging interpretation in young patients with cystic fibrosis \(CF\): comparison of axial versus spiral HRCT}{section.27}
\BOOKMARK [2][-]{subsection.27.6}{Congenital cystic pulmonary malformations \(CCPM\) diagnosed antenatally: imaging and histopathological correlations.}{section.27}
\BOOKMARK [2][-]{subsection.27.7}{Anterior Lower Mediastinal Tumors in Infants and Children: CT findings}{section.27}
\BOOKMARK [2][-]{subsection.27.8}{Multimodality Imaging Evaluation of Pulmonary Vascular Anomalies and Abnormalities in Children}{section.27}
\BOOKMARK [2][-]{subsection.27.9}{Pediatric pulmonary and thoracic aspergillosis}{section.27}
\BOOKMARK [2][-]{subsection.27.10}{CT findings of mycoplasma pneumonia in pediatric patients}{section.27}
\BOOKMARK [2][-]{subsection.27.11}{Unexpected detection of congenital diaphragmatic hernia \(CDH\) in childhood}{section.27}
\BOOKMARK [2][-]{subsection.27.12}{Acute Respiratory Distress Syndrome in Children: the Early Findings of Chest Radiography}{section.27}
\BOOKMARK [2][-]{subsection.27.13}{The Radiological Findings and its Clinical Value in Children with Influenza A \(H1N1\) Infection}{section.27}
\BOOKMARK [2][-]{subsection.27.14}{Left Sided Diaphragmatic Hernia and Life threatening Infusion Thorax following Umbilical Vein Catherisation in a Premature Baby}{section.27}
\BOOKMARK [2][-]{subsection.27.15}{Idiophatic spontaneous pneumomedistinum in childhood}{section.27}
\BOOKMARK [2][-]{subsection.27.16}{Chest radiographic findings, clinical presentation and immune status in HIV infected children}{section.27}
\BOOKMARK [2][-]{subsection.27.17}{Imaging findings of congenital tuberculosis in four infants}{section.27}
\BOOKMARK [2][-]{subsection.27.18}{Imaging investigation of congenital chylothorax presented in two newborns}{section.27}
\BOOKMARK [2][-]{subsection.27.19}{Use of ultrasonography for the diagnosis of pneumothorax in the neonatal intensive care unit}{section.27}
\BOOKMARK [1][-]{section.28}{Scientific session 6: Cardiovascular}{}
\BOOKMARK [2][-]{subsection.28.1}{Umbilical venous catheter position evaluation by an ultrasound}{section.28}
\BOOKMARK [2][-]{subsection.28.2}{Pericardial Effusions in Adolescent Girls with Anorexia Nervosa. Clinical course and risk factors}{section.28}
\BOOKMARK [2][-]{subsection.28.3}{Evaluation of free breathing 3D Steady-State Free-Precession \(3D SSFP\) sequence for the study of congenital cardiac and thoracic vascular disease: comparison to conventional angiographic MRI sequence \(MRA\)}{section.28}
\BOOKMARK [2][-]{subsection.28.4}{Basal plane selection at cardiac MRI \205 Influende on heart Volumetry and cardiac Performance Parameters}{section.28}
\BOOKMARK [2][-]{subsection.28.5}{Right Branch Bundle Block at cardiac MRI \205 Influence on Heart Volumetry and cardiac Performance Parameters}{section.28}
\BOOKMARK [2][-]{subsection.28.6}{The role brain MRI in a complex pre-surgery examination of newborns with TGA: terms and conditions.}{section.28}
\BOOKMARK [2][-]{subsection.28.7}{Free Breathing Fast 3D Cine Steady-State Free Precession Imaging for Assessment of Ventricular Function in Pediatric Patients}{section.28}
\BOOKMARK [1][-]{section.29}{CT Dose Task Force}{}
\BOOKMARK [1][-]{section.30}{Scientific session 7: Chest}{}
\BOOKMARK [2][-]{subsection.30.1}{CT of congenital lung abnormalities - 9 year experience.}{section.30}
\BOOKMARK [2][-]{subsection.30.2}{Cross-sectional study on tracheomegaly in children following fetal tracheal occlusion because of severe congenital diaphragmatic hernia}{section.30}
\BOOKMARK [2][-]{subsection.30.3}{Chest radiograph and computed tomography evaluation of lung parenchyma and airway abnormalities in pediatric patients with laryngeal cleft.}{section.30}
\BOOKMARK [2][-]{subsection.30.4}{Comparison of the evolution between CT and lung function tests \(LFT\) in the follow up of Primary Ciliary Dyskinesia \(PCD\) patients}{section.30}
\BOOKMARK [2][-]{subsection.30.5}{Aortopulmonary collateral blood flow in cystic fibrosis assessed by phase-contrast MRI}{section.30}
\BOOKMARK [2][-]{subsection.30.6}{Idiopathic pulmonary haemosiderosis and concomitant coeliac disease.}{section.30}
\BOOKMARK [2][-]{subsection.30.7}{Pictures of a pandemic: A pediatric ICU case review series of H1N1 Influenza A.}{section.30}
\BOOKMARK [2][-]{subsection.30.8}{Doppler Ultrasonography in Childhood Pulmonary Consolidations: Diagnostic Contribution to Gray Scale Imaging and Prediction of Clinical Outcomes of Pneumonias}{section.30}
\BOOKMARK [2][-]{subsection.30.9}{The importance of high resolution CT in the diagnosis of pulmonary graft versus host disease after allogeneic bone marrow transplantation - a correlation between lung abnormalities on HRCT and clinical GVHD diagnosis}{section.30}
\BOOKMARK [2][-]{subsection.30.10}{The Radiological Appearances of Complications of H1N1 Influenza \(Swine Flu\) Infection in Children}{section.30}
\BOOKMARK [1][-]{section.31}{CT Dose Task Force}{}
\BOOKMARK [1][-]{section.32}{SFIPP General assembly}{}
\BOOKMARK [1][-]{section.33}{Scientific session 8: Digestive tract}{}
\BOOKMARK [2][-]{subsection.33.1}{Meconium obstruction in extremely-low-birth-weight premature infant: US contribution to diagnosis and management}{section.33}
\BOOKMARK [2][-]{subsection.33.2}{Contrast Enema Findings in Patients Requiring Re-operation for Hirschsprung Disease\(HD\)With Surgical Correlation}{section.33}
\BOOKMARK [2][-]{subsection.33.3}{Midgut malrotation in children with a so-called \215normal\216 duodenojejunal flexure \(DJF\)}{section.33}
\BOOKMARK [2][-]{subsection.33.4}{Schatzki ring and eosinophilic esophagitis}{section.33}
\BOOKMARK [2][-]{subsection.33.5}{Benign pneumatosis hepatis in children with colitis: Imaging with ultrasound}{section.33}
\BOOKMARK [2][-]{subsection.33.6}{CT enterography: Inter-reader agreement and diagnostic performance in pediatric inflammatory bowel disease}{section.33}
\BOOKMARK [2][-]{subsection.33.7}{Prevalence of penetrating and stricturing complications, and extraintestinal manifestations detected by CT enterography in pediatric inflammatory bowel disease patients}{section.33}
\BOOKMARK [2][-]{subsection.33.8}{MRI and MR Enterography Assessment of IBD in pediatric patients}{section.33}
\BOOKMARK [2][-]{subsection.33.9}{Are the biliary trees of children under three months of age visible on MR}{section.33}
\BOOKMARK [2][-]{subsection.33.10}{Prevalence of Hepatic Pseudolesion Around the Falciform Ligament in Pediatric Age Group Evaluated by Portal-Dominant Phase Multidetector Computed Tomography \(MDCT\)}{section.33}
\BOOKMARK [2][-]{subsection.33.11}{Liver MRI with DWI in children with liver disease}{section.33}
\BOOKMARK [2][-]{subsection.33.12}{Evaluation of liver fibrosis with diffusion weighted image in infants}{section.33}
\BOOKMARK [2][-]{subsection.33.13}{Prognostic significance of Doppler ultrasound measurements in follow-up of children after liver transplantation \(LTX\)}{section.33}
\BOOKMARK [2][-]{subsection.33.14}{Long term outcome of portal vein size discrepancy in pediatric liver transplants}{section.33}
\BOOKMARK [2][-]{subsection.33.15}{Congenital portosystemic shunt: complications and outcome after closure: about 19 pediatric cases}{section.33}
\BOOKMARK [2][-]{subsection.33.16}{Ultrasonographic evaluation of the free abdominal fluid in asymptomatic children.}{section.33}
\BOOKMARK [2][-]{subsection.33.17}{Separation of bowel gas on abdominal radiographs in neonates: sonographic correlation}{section.33}
\BOOKMARK [1][-]{section.34}{Hip dysplasia Task force}{}
\BOOKMARK [1][-]{section.35}{Coffee break}{}
\BOOKMARK [1][-]{section.36}{Posters Digestive tract}{}
\BOOKMARK [2][-]{subsection.36.1}{Evaluation of disease activity in iodiopathic inflammatory small bowel disease: MR imaging.}{section.36}
\BOOKMARK [2][-]{subsection.36.2}{Iintestinal pneumatosis: a rare complication of GVHD after bone marrow transplantation}{section.36}
\BOOKMARK [2][-]{subsection.36.3}{Chronic Gastric Volvulus \( CGV\) In Infants: An Insidious Diagnosis}{section.36}
\BOOKMARK [2][-]{subsection.36.4}{Imaging features of non-hematological splenic lesions in infants and children}{section.36}
\BOOKMARK [2][-]{subsection.36.5}{Paediatric Liver MRI: a pictorial review.}{section.36}
\BOOKMARK [2][-]{subsection.36.6}{Cholangitis as the presenting symptom of autosomal recessive polycystic kidney disease \(ARPKD\)}{section.36}
\BOOKMARK [2][-]{subsection.36.7}{Focal nodular hyperplasia in children}{section.36}
\BOOKMARK [2][-]{subsection.36.8}{The utility of balloon catheter inflation in Fluoroscopic Loopograms}{section.36}
\BOOKMARK [2][-]{subsection.36.9}{Sonographic findings predicting unsuccessful pneumatic reduction of intussusception}{section.36}
\BOOKMARK [2][-]{subsection.36.10}{Ultrasound of Paediatric Intussusception - 5 years in a tertiary paediatric hosital.}{section.36}
\BOOKMARK [2][-]{subsection.36.11}{Spontaneous meso-portal and porto-portal shunts following orthotopic liver transplantation \(OLT\) in children.}{section.36}
\BOOKMARK [2][-]{subsection.36.12}{Hirschsprung's disease: 15 year retrospective review of Contrast Enema findings at a large tertiary care pediatric hospital.}{section.36}
\BOOKMARK [2][-]{subsection.36.13}{Imaging findings of a spontaneous rupture of common bile duct in a young female patient : case report}{section.36}
\BOOKMARK [2][-]{subsection.36.14}{MR enterography in pediatric Crohn's disease: preliminary results}{section.36}
\BOOKMARK [2][-]{subsection.36.15}{US diagnosis of long segment severe necrotising enteritis caused by Candida albicans in a boy with ALL, febrile neutropenia and septic shock}{section.36}
\BOOKMARK [2][-]{subsection.36.16}{Wandering liver in a neonate. A case report}{section.36}
\BOOKMARK [2][-]{subsection.36.17}{Beyond Biliary Atresia: Ultrasound diagnosis of alternative causes of neonatal Conjugated Jaundice.}{section.36}
\BOOKMARK [2][-]{subsection.36.18}{Color-Doppler findings in the postoperative evaluation of mesenterico-left portal shunt \(Rex-shunt\) for the treatment of portal hypertension due to extra-hepatic portal vein thrombosis in children.}{section.36}
\BOOKMARK [2][-]{subsection.36.19}{Differentiation between Hirschsprung alied disease and Hirschsprung\220s disease in childhood with Barium enema}{section.36}
\BOOKMARK [2][-]{subsection.36.20}{CT features in childhood Crohn's disease}{section.36}
\BOOKMARK [2][-]{subsection.36.21}{MR enterography in inflammatory bowel disease with endoscopic and histopathologic correlation- a pictorial essay.}{section.36}
\BOOKMARK [2][-]{subsection.36.22}{CT Findings of Mesenteric Laceration in Four Pediatric Patients}{section.36}
\BOOKMARK [2][-]{subsection.36.23}{MRI appearances of focal infantile hepatic hemangioma}{section.36}
\BOOKMARK [2][-]{subsection.36.24}{Occult Injuries in Pediatric Abdominal Trauma.}{section.36}
\BOOKMARK [2][-]{subsection.36.25}{Spectrum of Imaging abnormalities in Paediatric Inflammatory bowel disease}{section.36}
\BOOKMARK [2][-]{subsection.36.26}{Pictorial essay of imaging findings in children with biopsy proven eosinophilic esophagitis}{section.36}
\BOOKMARK [2][-]{subsection.36.27}{An easily constructed simulator facilitates training of radiologists in gastrojejunal tube insertion}{section.36}
\BOOKMARK [2][-]{subsection.36.28}{Evaluation of liver fibrosis with T2 relaxation time in infants}{section.36}
\BOOKMARK [2][-]{subsection.36.29}{Pharmacological premedication efficacy in intussusception\220s management by enema in pediatrics: preliminary outcomes}{section.36}
\BOOKMARK [2][-]{subsection.36.30}{Result of air enema reduction in 737 cases of intussusception}{section.36}
\BOOKMARK [2][-]{subsection.36.31}{The role of ultrasound compared to plain radiography in the diagnosis and management of necrotizing enterocolitis}{section.36}
\BOOKMARK [1][-]{section.37}{Scientific session 9: Oncology}{}
\BOOKMARK [2][-]{subsection.37.1}{Are the RECIST criteria useful in assessing response in paediatric rhabdomyosarcoma?}{section.37}
\BOOKMARK [2][-]{subsection.37.2}{Characterizing individual cancers using dynamic MRI enhanced by macromolecular contrast media \(MMCM\)}{section.37}
\BOOKMARK [2][-]{subsection.37.3}{Whole body MRI with DWIBS sequences for disease detection and staging of pediatric oncological patients}{section.37}
\BOOKMARK [2][-]{subsection.37.4}{Comparing the value of the sequences T1, T2, STIR and DWIBS by whole body magnetic resonance imaging for staging and monitoring patients with Hodgkins lymphoma in childhood}{section.37}
\BOOKMARK [2][-]{subsection.37.5}{Whole-body MRI, including diffusion-weighted imaging, compared to FDG-PET for staging Hodgkin lymphoma - initial experiences}{section.37}
\BOOKMARK [2][-]{subsection.37.6}{Derivation of histographic apparent diffusion coefficient \(ADC\) changes associated with successful response to first line chemotherapy of adolescent and childhood lymphoma.}{section.37}
\BOOKMARK [2][-]{subsection.37.7}{Value of diffusion weighted images in differentiating responders to chemotherapy for osteosarcoma}{section.37}
\BOOKMARK [2][-]{subsection.37.8}{Does Serum-Ferritin Level in Children receiving Blood Transfusions in the Treatment of Acute Leukemia correlate with Iron Load of the Liver? Initial Results}{section.37}
\BOOKMARK [1][-]{section.38}{Oncology Task force synthesis}{}
\BOOKMARK [1][-]{section.39}{ESPR General Assembly}{}
\BOOKMARK [1][-]{section.40}{Lunch}{}
\BOOKMARK [1][-]{section.41}{Posters Oncology}{}
\BOOKMARK [2][-]{subsection.41.1}{Pediatric Rhabdomyosarcoma: Cross-sectional imaging findings with pathologic subtype correlation}{section.41}
\BOOKMARK [2][-]{subsection.41.2}{Pictorial review of normal appearances and variants on paediatric 18-F FDG PET-CT.}{section.41}
\BOOKMARK [2][-]{subsection.41.3}{Pediatric Dermatofibrosarcoma Protuberans: Case Report of a Rare Soft-Tissue Sarcoma}{section.41}
\BOOKMARK [2][-]{subsection.41.4}{Imaging findings of childhood rhabdomyosarcoma in KK Women\220s and Children\220s Hospital, Singapore.}{section.41}
\BOOKMARK [2][-]{subsection.41.5}{Comparison of STIR-HASTE and PROPELLER MRI for the evaluation of extranodal chest wall disease extension in pre-treatment paediatric and adolescent patients with known lymphoma}{section.41}
\BOOKMARK [2][-]{subsection.41.6}{MR patterns of acute leukemia in 17 children presenting with skeletal complaints}{section.41}
\BOOKMARK [1][-]{section.42}{Posters Miscellaneous Radiation protection}{}
\BOOKMARK [2][-]{subsection.42.1}{UNEXPECTED LOCATIONS AND COMPLICATIONS OF INTRAVASCULAR CATHETERS, TUBES, SHUNTS AND OTHER DEVICES IN CHILDREN. ROLE OF DIAGNOSTIC IMAGING AND MANAGEMENT.}{section.42}
\BOOKMARK [2][-]{subsection.42.2}{The Revival of the Silver Lining}{section.42}
\BOOKMARK [2][-]{subsection.42.3}{Online software for automated calculation of the effective dose for pediatric MDCT}{section.42}
\BOOKMARK [2][-]{subsection.42.4}{Routine quality control \(QC\) of hardware and sequences in pediatric MR Imaging}{section.42}
\BOOKMARK [2][-]{subsection.42.5}{Evaluation of a new phosphor plate technology for neonatal portable chest radiographs}{section.42}
\BOOKMARK [2][-]{subsection.42.6}{Quality Assurance: A New Method of Monitoring Radiation Exposure for Portable Chest Radiographs in Neonates}{section.42}
\BOOKMARK [2][-]{subsection.42.7}{Dose Distribution in Pediatric Abdominal CT Examination - Using elliptically-shaped sheet-roll phantom -}{section.42}
\BOOKMARK [2][-]{subsection.42.8}{A focused performance improvement program to increase on time starts for fluoroscopy patients}{section.42}
\BOOKMARK [2][-]{subsection.42.9}{Pharmacokinetics and Safety of Gadobenate Dimeglumine in Patients 2-5 Years of Age}{section.42}
\BOOKMARK [2][-]{subsection.42.10}{A simple tool for enhancing transcription of radiological reports}{section.42}
\BOOKMARK [1][-]{section.43}{Symposium Low dose, total body imaging 2}{}
\BOOKMARK [1][-]{section.44}{Scientific session 10: Miscelleaneous, radiation protection}{}
\BOOKMARK [2][-]{subsection.44.1}{An interactive oral presentation of a video study into children\220s perceptions of the radiology department and its various imaging modalities.}{section.44}
\BOOKMARK [2][-]{subsection.44.2}{Contrast enhanced low MI sonography in paediatrics - applications and limitations}{section.44}
\BOOKMARK [2][-]{subsection.44.3}{Digital X-ray examinations in the neonatal intensive care unit: Dose optimisation using a neonatal chest phantom}{section.44}
\BOOKMARK [2][-]{subsection.44.4}{Processing optimization in Pediatric femur examinations - a phantom project focusing on dose optimization when usingCanon\220s new DR Spectra software}{section.44}
\BOOKMARK [2][-]{subsection.44.5}{Dose savings in Computed Tomography \(CT\) due to a new, dedicated Kernel for Image Reconsruction - Influence on Image Quality}{section.44}
\BOOKMARK [2][-]{subsection.44.6}{Proposed technique to reduce radiation dose in pediatric chest and abdomen CT along with reduction in image noise without compromising lesion detection by using adaptive iterative reconstruction versus filtered back projection CT.}{section.44}
\BOOKMARK [2][-]{subsection.44.7}{Radiation exposure of obese children from body CT: are they appropriately treated as adults?}{section.44}
\BOOKMARK [2][-]{subsection.44.8}{Implementation of pediatric automatic exposure control \(AEC\) CT protocols which are based on weight, clinical indication and number of prior CTs}{section.44}
\BOOKMARK [2][-]{subsection.44.9}{Labeling of contrast agent containers - a potential source of confusion and error}{section.44}
\BOOKMARK [1][-]{section.45}{CT Dose Task Force Synthesis}{}
\BOOKMARK [1][-]{section.46}{Scientific session 11: Musculoskeletal 1}{}
\BOOKMARK [2][-]{subsection.46.1}{Prevalence of the Classic Metaphyseal Lesion in Infants at Low versus High Risk for Abuse}{section.46}
\BOOKMARK [2][-]{subsection.46.2}{3D Ultrasound in the Follow-Up of Developmental Dysplasia of the Hip Managed in a von Rosen Splint - Antenatal Applications Extended?}{section.46}
\BOOKMARK [2][-]{subsection.46.3}{Acetabular immaturity - dysplasia in young adults. Preliminary results.}{section.46}
\BOOKMARK [2][-]{subsection.46.4}{MRI findings of Kingella kingae osteomyelitis in children}{section.46}
\BOOKMARK [2][-]{subsection.46.5}{Incidence of Avascular necrosis in patients with Acute Lymphoblastic Leukemia}{section.46}
\BOOKMARK [1][-]{section.47}{Hip Dysplasia Task Force Synthesis}{}
\BOOKMARK [1][-]{section.48}{Coffee break}{}
\BOOKMARK [1][-]{section.49}{Posters Musculo-skeletal}{}
\BOOKMARK [2][-]{subsection.49.1}{TITLE. THE SO-CALLED OSTHEOCHONDROSIS: A GROUP OF DIFFERENT CLINICAL ENTITIES. IMAGING FINDINGS IN CHILDREN AND ADOLESCENTS. THE EPONYMS}{section.49}
\BOOKMARK [2][-]{subsection.49.2}{Imaging Pyomyositis in children}{section.49}
\BOOKMARK [2][-]{subsection.49.3}{Use of ultrasonography for the diagnosis of temporomandibular joint disorders in children with juvenile idiopathic arthritis.}{section.49}
\BOOKMARK [2][-]{subsection.49.4}{MRI assessment of bone marrow changes in children with juvenile idiopathic arthritis: inter and intra-observer variability in a multicenter study}{section.49}
\BOOKMARK [2][-]{subsection.49.5}{Size, shape and position of the mandibular condyle during childhood.}{section.49}
\BOOKMARK [2][-]{subsection.49.6}{Lipofibromatosis - A rare pediatric soft-tissue tumor.}{section.49}
\BOOKMARK [2][-]{subsection.49.7}{Multimodality Imaging of Skeletal Manifestations of Sickle Cell Anemia in Children}{section.49}
\BOOKMARK [2][-]{subsection.49.8}{Diffusion Weighted Imaging at 3 Tesla for normal pediatric hip.}{section.49}
\BOOKMARK [2][-]{subsection.49.9}{Diffusion Weighted Imaging at 3 Tesla for Legg-Calv\351-Perthes Disease: preliminary results.}{section.49}
\BOOKMARK [2][-]{subsection.49.10}{Use of Ultrasonography as the useful approach in diagnosis and management of JRA of the knee and hip: comparison between US and MRI data}{section.49}
\BOOKMARK [2][-]{subsection.49.11}{The Usefulness of MRI in Juvenile Idiopathic Arthritis}{section.49}
\BOOKMARK [2][-]{subsection.49.12}{Paediatric non-accidental hand fractures:a radiographic review}{section.49}
\BOOKMARK [2][-]{subsection.49.13}{Post mortem skeletal surveys in suspected non-accidental injury: an imaging review}{section.49}
\BOOKMARK [2][-]{subsection.49.14}{Spinal MRI findings in juvenile idiopathic arthritis}{section.49}
\BOOKMARK [2][-]{subsection.49.15}{Cat-scratch disease: our US experience}{section.49}
\BOOKMARK [2][-]{subsection.49.16}{An audit of spinal ultrasound for sacral dimples detected on routine newborn examination.}{section.49}
\BOOKMARK [2][-]{subsection.49.17}{THE HAND AS AN INDICATOR OF SYSTEMIC DISEASES IN CHILDREN}{section.49}
\BOOKMARK [2][-]{subsection.49.18}{Ultrasound of the pectoralis complex in patients with Poland syndrome}{section.49}
\BOOKMARK [2][-]{subsection.49.19}{Assessment of active inflammation in juvenile dermatomyosits: A novel scoring system.}{section.49}
\BOOKMARK [2][-]{subsection.49.20}{The L5 interpedicle distance - a useful measurement on scoliosis images}{section.49}
\BOOKMARK [2][-]{subsection.49.21}{The supra-acetabular notch of the acetabulum: MR imaging findings of this anatomical variant.}{section.49}
\BOOKMARK [2][-]{subsection.49.22}{Does ultrasonographic findings of patellar tendon correlated with hormone concentrations in adolescent female volleyball players?}{section.49}
\BOOKMARK [2][-]{subsection.49.23}{Dynamic ultrasound in neonatal hip instability. Quantitative evaluation of instability and presentation of new normative references.}{section.49}
\BOOKMARK [2][-]{subsection.49.24}{Osteoid osteoma in paediatric patients. Significance of dynamic gadolinium enhanced MR imaging.}{section.49}
\BOOKMARK [2][-]{subsection.49.25}{Lessons learned from the follow-up skeletal survey}{section.49}
\BOOKMARK [2][-]{subsection.49.26}{Ultrasound abnormalities of peripheral joints in Juvenile Idiopathic Arthritis \(JIA\) and correlation with clinical examination.}{section.49}
\BOOKMARK [2][-]{subsection.49.27}{Congenital indifference to pain with anhidrosis- a radiological review}{section.49}
\BOOKMARK [2][-]{subsection.49.28}{Chondrodysplasia punctata type 2, x-linked dominant \(CDPX2\): case report and review of the literature}{section.49}
\BOOKMARK [2][-]{subsection.49.29}{Osteo-articular infection in young children: What's new?}{section.49}
\BOOKMARK [2][-]{subsection.49.30}{Imaging of the spine in scoliosis, is nuclear medicine necessary in addition to MRI?}{section.49}
\BOOKMARK [2][-]{subsection.49.31}{Limb length measurement with the EOS system: comparison with conventional systems.}{section.49}
\BOOKMARK [2][-]{subsection.49.32}{The importance of contrast and post contrast subtraction MRI studies as the ultimate diagnostic tools in the differentiation between osteomyelitius and osteonecrosis in children with haematological disorders.}{section.49}
\BOOKMARK [2][-]{subsection.49.33}{Multimodality imaging of nontraumatic back pain in children}{section.49}
\BOOKMARK [2][-]{subsection.49.34}{Imaging in Congenital Spinal Deformity}{section.49}
\BOOKMARK [2][-]{subsection.49.35}{Computer assisted evaluation of leg length inequality and alignment disorders in children.}{section.49}
\BOOKMARK [2][-]{subsection.49.36}{Transient synovitis of the hip \(TSH\): involvement of the asymptomatic side.}{section.49}
\BOOKMARK [2][-]{subsection.49.37}{Juvenile idiopathic arthritis: Assessment of synovitis with early and late gadolinium enhanced MR imaging.}{section.49}
\BOOKMARK [1][-]{section.50}{Scientific session 12: Musculoskeletal 2}{}
\BOOKMARK [2][-]{subsection.50.1}{Prevalent Vertebral Fractures among Children Initiating Glucocorticoid Therapy for the Treatment of Rheumatic Disorders}{section.50}
\BOOKMARK [2][-]{subsection.50.2}{Body Imaging findings in children on ketogenic diet}{section.50}
\BOOKMARK [2][-]{subsection.50.3}{Is there an increased fracture risk in healthy infants and toddlers with Vitamin D deficiency?}{section.50}
\BOOKMARK [2][-]{subsection.50.4}{Computer assisted evaluation of progression of spinal curvature in scoliosis.}{section.50}
\BOOKMARK [2][-]{subsection.50.5}{3D X-Ray analysis of the idiopathic scoliotic spine before and after surgery}{section.50}
\BOOKMARK [2][-]{subsection.50.6}{Ultrasound abnormalities of enthesitis in Juvenile Idiopathic Arthritis \(JIA\) and correlation with clinical examination.}{section.50}
\BOOKMARK [2][-]{subsection.50.7}{Ultrasound findings on patients with JIA in clinical remission: a pilot study}{section.50}
\BOOKMARK [2][-]{subsection.50.8}{Development of the wrist. Normal standards based on MRI for 6-15 year olds.}{section.50}
\BOOKMARK [2][-]{subsection.50.9}{Carpal erosions in children with Juvenile Idiopathic Arthritis \(JIA\) as assessed on MRI. Repeatability of a novel scoring system.}{section.50}
\BOOKMARK [2][-]{subsection.50.10}{Proposal of an MRI synovitis score in juvenile idiopathic arthritis: inter and intra observer reliability in a multicentre study.}{section.50}
\BOOKMARK [2][-]{subsection.50.11}{Is a gadolinium enhanced sequence always required in knee MRI for patients with JIA?}{section.50}
\BOOKMARK [2][-]{subsection.50.12}{Dating of fractures: an analysis of key radiological features in children aged five years and under}{section.50}
\BOOKMARK [1][-]{section.51}{Closure of the congress}{}
\BOOKMARK [1][-]{section.51}{Index of authors}{}
